{"total": {"lines":{"total":257,"covered":257,"skipped":0,"pct":100},"statements":{"total":257,"covered":257,"skipped":0,"pct":100},"functions":{"total":16,"covered":16,"skipped":0,"pct":100},"branches":{"total":41,"covered":41,"skipped":0,"pct":100},"branchesTrue":{"total":0,"covered":0,"skipped":0,"pct":"Unknown"}}
,"H:\\Projects\\jwplayer-react\\src\\config-props.js": {"lines":{"total":87,"covered":87,"skipped":0,"pct":100},"functions":{"total":0,"covered":0,"skipped":0,"pct":100},"statements":{"total":87,"covered":87,"skipped":0,"pct":100},"branches":{"total":0,"covered":0,"skipped":0,"pct":100}}
,"H:\\Projects\\jwplayer-react\\src\\const.js": {"lines":{"total":5,"covered":5,"skipped":0,"pct":100},"functions":{"total":0,"covered":0,"skipped":0,"pct":100},"statements":{"total":5,"covered":5,"skipped":0,"pct":100},"branches":{"total":0,"covered":0,"skipped":0,"pct":100}}
,"H:\\Projects\\jwplayer-react\\src\\jwplayer.jsx": {"lines":{"total":122,"covered":122,"skipped":0,"pct":100},"functions":{"total":11,"covered":11,"skipped":0,"pct":100},"statements":{"total":122,"covered":122,"skipped":0,"pct":100},"branches":{"total":27,"covered":27,"skipped":0,"pct":100}}
,"H:\\Projects\\jwplayer-react\\src\\util.js": {"lines":{"total":43,"covered":43,"skipped":0,"pct":100},"functions":{"total":5,"covered":5,"skipped":0,"pct":100},"statements":{"total":43,"covered":43,"skipped":0,"pct":100},"branches":{"total":14,"covered":14,"skipped":0,"pct":100}}
}
