TN:
SF:src\config-props.js
FNF:0
FNH:0
DA:1,1
DA:2,1
DA:3,1
DA:4,1
DA:5,1
DA:6,1
DA:7,1
DA:8,1
DA:9,1
DA:10,1
DA:11,1
DA:12,1
DA:13,1
DA:14,1
DA:15,1
DA:16,1
DA:17,1
DA:18,1
DA:19,1
DA:20,1
DA:21,1
DA:22,1
DA:23,1
DA:24,1
DA:25,1
DA:26,1
DA:27,1
DA:28,1
DA:29,1
DA:30,1
DA:31,1
DA:32,1
DA:33,1
DA:34,1
DA:35,1
DA:36,1
DA:37,1
DA:38,1
DA:39,1
DA:40,1
DA:41,1
DA:42,1
DA:43,1
DA:44,1
DA:45,1
DA:46,1
DA:47,1
DA:48,1
DA:49,1
DA:50,1
DA:51,1
DA:52,1
DA:53,1
DA:54,1
DA:55,1
DA:56,1
DA:57,1
DA:58,1
DA:59,1
DA:60,1
DA:61,1
DA:62,1
DA:63,1
DA:64,1
DA:65,1
DA:66,1
DA:67,1
DA:68,1
DA:69,1
DA:70,1
DA:71,1
DA:72,1
DA:73,1
DA:74,1
DA:75,1
DA:76,1
DA:77,1
DA:78,1
DA:79,1
DA:80,1
DA:81,1
DA:82,1
DA:83,1
DA:84,1
DA:85,1
DA:86,1
DA:87,1
LF:87
LH:87
BRF:0
BRH:0
end_of_record
TN:
SF:src\const.js
FNF:0
FNH:0
DA:1,1
DA:2,1
DA:3,1
DA:4,1
DA:5,1
LF:5
LH:5
BRF:0
BRH:0
end_of_record
TN:
SF:src\jwplayer.jsx
FN:9,createOnEventHandler
FN:23,JWPlayer
FN:35,componentDidMount
FN:46,shouldComponentUpdate
FN:59,componentWillUnmount
FN:72,createPlayer
FN:80,didOnEventsChange
FN:81,onEventFilter
FN:95,createEventListeners
FN:108,updateOnEventListener
FN:117,render
FNF:11
FNH:11
FNDA:32,createOnEventHandler
FNDA:27,JWPlayer
FNDA:28,componentDidMount
FNDA:3,shouldComponentUpdate
FNDA:27,componentWillUnmount
FNDA:26,createPlayer
FNDA:6,didOnEventsChange
FNDA:19,onEventFilter
FNDA:26,createEventListeners
FNDA:6,updateOnEventListener
FNDA:27,render
DA:1,1
DA:2,1
DA:3,1
DA:4,1
DA:5,1
DA:6,1
DA:7,1
DA:8,1
DA:9,32
DA:10,32
DA:11,3
DA:12,3
DA:13,3
DA:14,2
DA:15,2
DA:16,3
DA:17,1
DA:18,1
DA:19,3
DA:20,3
DA:21,32
DA:22,1
DA:23,1
DA:24,27
DA:25,27
DA:26,27
DA:27,27
DA:28,27
DA:29,27
DA:30,27
DA:31,27
DA:32,27
DA:33,27
DA:34,1
DA:35,1
DA:36,28
DA:37,26
DA:38,26
DA:39,26
DA:40,28
DA:41,2
DA:42,2
DA:43,2
DA:44,28
DA:45,1
DA:46,1
DA:47,3
DA:48,1
DA:49,1
DA:50,2
DA:51,3
DA:52,1
DA:53,1
DA:54,1
DA:55,1
DA:56,1
DA:57,3
DA:58,1
DA:59,1
DA:60,27
DA:61,1
DA:62,1
DA:63,1
DA:64,27
DA:65,27
DA:66,23
DA:67,23
DA:68,23
DA:69,23
DA:70,27
DA:71,1
DA:72,1
DA:73,26
DA:74,26
DA:75,26
DA:76,26
DA:77,26
DA:78,26
DA:79,1
DA:80,1
DA:81,6
DA:82,6
DA:83,6
DA:84,6
DA:85,6
DA:86,3
DA:87,3
DA:88,3
DA:89,3
DA:90,3
DA:91,3
DA:92,3
DA:93,6
DA:94,1
DA:95,1
DA:96,26
DA:97,67
DA:98,67
DA:99,1
DA:100,1
DA:101,26
DA:102,26
DA:103,26
DA:104,26
DA:105,26
DA:106,26
DA:107,1
DA:108,1
DA:109,6
DA:110,5
DA:111,5
DA:112,6
DA:113,6
DA:114,6
DA:115,6
DA:116,1
DA:117,1
DA:118,27
DA:119,27
DA:120,1
DA:121,1
DA:122,1
LF:122
LH:122
BRDA:9,0,0,32
BRDA:10,1,0,3
BRDA:11,2,0,3
BRDA:13,3,0,2
BRDA:16,4,0,1
BRDA:23,5,0,27
BRDA:35,6,0,28
BRDA:36,7,0,26
BRDA:40,8,0,2
BRDA:46,9,0,3
BRDA:47,10,0,1
BRDA:49,11,0,2
BRDA:51,12,0,1
BRDA:59,13,0,27
BRDA:60,14,0,1
BRDA:65,15,0,23
BRDA:72,16,0,26
BRDA:80,17,0,6
BRDA:85,18,0,3
BRDA:81,19,0,19
BRDA:89,20,0,1
BRDA:95,21,0,26
BRDA:96,22,0,67
BRDA:98,23,0,1
BRDA:108,24,0,6
BRDA:109,25,0,5
BRDA:117,26,0,27
BRF:27
BRH:27
end_of_record
TN:
SF:src\util.js
FN:4,generateUniqueId
FN:10,createPlayerLoadPromise
FN:21,loadPlayer
FN:28,generateConfig
FN:38,getHandlerName
FNF:5
FNH:5
FNDA:27,generateUniqueId
FNDA:1,createPlayerLoadPromise
FNDA:28,loadPlayer
FNDA:27,generateConfig
FNDA:70,getHandlerName
DA:1,1
DA:2,1
DA:3,1
DA:4,1
DA:5,27
DA:6,27
DA:7,27
DA:8,27
DA:9,1
DA:10,1
DA:11,1
DA:12,1
DA:13,1
DA:14,1
DA:15,1
DA:16,1
DA:17,1
DA:18,1
DA:19,1
DA:20,1
DA:21,1
DA:22,28
DA:23,28
DA:24,1
DA:25,1
DA:26,1
DA:27,1
DA:28,1
DA:29,27
DA:30,27
DA:31,27
DA:32,67
DA:33,27
DA:34,27
DA:35,27
DA:36,27
DA:37,1
DA:38,1
DA:39,70
DA:40,70
DA:41,70
DA:42,70
DA:43,70
LF:43
LH:43
BRDA:4,0,0,27
BRDA:10,1,0,1
BRDA:11,2,0,1
BRDA:21,3,0,28
BRDA:22,4,0,2
BRDA:22,5,0,1
BRDA:22,6,0,27
BRDA:23,7,0,26
BRDA:23,8,0,1
BRDA:28,9,0,27
BRDA:31,10,0,67
BRDA:32,11,0,30
BRDA:38,12,0,70
BRDA:39,13,0,66
BRF:14
BRH:14
end_of_record
